<?xml version="1.0" encoding="UTF-8"?>
<testng-results ignored="0" total="2" passed="2" failed="0" skipped="0">
  <reporter-output>
  </reporter-output>
  <suite started-at="2024-02-20T01:24:40Z" name="Default suite" finished-at="2024-02-20T01:24:44Z" duration-ms="3194">
    <groups>
    </groups>
    <test started-at="2024-02-20T01:24:40Z" name="Default test" finished-at="2024-02-20T01:24:44Z" duration-ms="3194">
      <class name="excelOperations.DataManagementFinalVersion">
        <test-method signature="f(java.util.Hashtable)[pri:0, instance:excelOperations.DataManagementFinalVersion@13b13b5d]" started-at="2024-02-20T01:24:44Z" name="f" data-provider="getData" finished-at="2024-02-20T01:24:44Z" duration-ms="45" status="PASS">
          <params>
            <param index="0">
              <value>
                <![CDATA[{ExpectedResult=LoginSuccuss, RunMode=Y, UserPassword=ravi2021, UserName=ravilella.2015@gmail.com, Browser=chrome}]]>
              </value>
            </param>
          </params>
          <reporter-output>
          </reporter-output>
        </test-method> <!-- f -->
        <test-method signature="f(java.util.Hashtable)[pri:0, instance:excelOperations.DataManagementFinalVersion@13b13b5d]" started-at="2024-02-20T01:24:44Z" name="f" data-provider="getData" finished-at="2024-02-20T01:24:44Z" duration-ms="13" status="PASS">
          <params>
            <param index="0">
              <value>
                <![CDATA[{ExpectedResult=LoginSuccuss, RunMode=N, UserPassword=password2, UserName=user2, Browser=firefox}]]>
              </value>
            </param>
          </params>
          <reporter-output>
          </reporter-output>
        </test-method> <!-- f -->
      </class> <!-- excelOperations.DataManagementFinalVersion -->
    </test> <!-- Default test -->
  </suite> <!-- Default suite -->
</testng-results>
