<?xml version="1.0" encoding="UTF-8"?>
<!-- Generated by org.testng.reporters.JUnitXMLReporter -->
<testsuite ignored="2" hostname="DESKTOP-JCJ8HOK" failures="0" tests="5" name="Create the New Booking Test" time="0.238" errors="0" timestamp="07 Feb 2024 01:10:34 GMT">
  <testcase classname="testcases.BookingManagement" name="creatingBooking" time="0.042"/>
  <testcase classname="testcases.Paymentmanagement" name="applyDicount" time="0.015"/>
  <testcase classname="testcases.Paymentmanagement" name="makePayment" time="0.004"/>
  <testcase classname="testcases.CommunicationManagement" name="checkMailCommunication" time="0.002"/>
  <testcase classname="testcases.CommunicationManagement" name="checkMobileCommunication" time="0.006"/>
  <testcase classname="testcases.BookingManagement" name="modifyBooking" time="0.0">
    <ignored/>
  </testcase> <!-- modifyBooking -->
  <testcase classname="testcases.BookingManagement" name="cancelBooking" time="0.0">
    <ignored/>
  </testcase> <!-- cancelBooking -->
</testsuite> <!-- Create the New Booking Test -->
